build/app/outputs/mapping/release/seeds.txt
com.bspvt.ssgc.MainActivity
com.bspvt.ssgc.MainActivity: MainActivity()
...
com.google.android.recaptcha.internal.zzhd: int zzf()
com.google.android.recaptcha.internal.zzaj: kotlin.coroutines.Continuation create(java.lang.Object,kotlin.coroutines.Continuation)
com.google.android.gms.internal.fido.zzk: android.os.Bundle getGetServiceRequestExtraArgs()
com.google.android.recaptcha.internal.zzkt: void zzE(int,java.util.List,com.google.android.recaptcha.internal.zzmd,boolean)
com.google.android.gms.internal.firebase-auth-api.zzach: boolean zzb(java.lang.Exception)
com.google.android.recaptcha.internal.zzew: java.lang.Object invoke(java.lang.Object,java.lang.Object)
androidx.core.app.NotificationCompatBuilder$Api24Impl: android.app.Notification$Builder setCustomBigContentView(android.app.Notification$Builder,android.widget.RemoteViews)
com.google.android.gms.internal.firebase-auth-api.zzve: java.lang.Object zza(int,java.lang.Object,java.lang.Object)
com.google.android.gms.internal.firebase-auth-api.zzaq: java.lang.Object remove(int)
com.google.android.recaptcha.internal.zzbq: zzbq(com.google.android.recaptcha.internal.zzh,com.google.android.recaptcha.internal.zzbg)
com.google.android.gms.tasks.Tasks: com.google.android.gms.tasks.Task call(java.util.concurrent.Executor,java.util.concurrent.Callable)
androidx.core.view.MenuItemCompat$Api26Impl: android.graphics.PorterDuff$Mode getIconTintMode(android.view.MenuItem)
com.google.android.gms.internal.auth.zzer: void zze(float)
com.pichillilorenzo.flutter_inappwebview.credential_database.CredentialDatabaseHelper: CredentialDatabaseHelper(android.content.Context)
com.google.android.gms.internal.firebase-auth-api.zzafh: java.util.List zza()
androidx.core.view.ViewCompat$Api28Impl: java.lang.CharSequence getAccessibilityPaneTitle(android.view.View)
com.google.android.recaptcha.internal.zznf: com.google.android.recaptcha.internal.zznf zzI(byte[])
com.google.android.gms.internal.firebase-auth-api.zzajz: void add(int,java.lang.Object)
com.google.android.gms.internal.firebase-auth-api.zzip: zzip()
com.google.android.gms.internal.firebase-auth-api.zzyl: void zza(com.google.android.gms.internal.firebase-auth-api.zzagt,com.google.android.gms.internal.firebase-auth-api.zzacf)
com.phonepe.intent.sdk.api.PhonePeInitException: PhonePeInitException(java.lang.String)
com.google.android.gms.internal.firebase-auth-api.zzalp: java.util.Iterator iterator()
com.google.android.recaptcha.internal.zzkh: boolean zzO(java.lang.Object,int,int,int,int)
com.google.android.gms.internal.firebase-auth-api.zzjl: com.google.android.gms.internal.firebase-auth-api.zzjl$zza zzc()
com.google.android.gms.internal.auth.zzdc: java.lang.Object zza(java.lang.Object)
androidx.fragment.app.FragmentActivity: android.view.View onCreateView(android.view.View,java.lang.String,android.content.Context,android.util.AttributeSet)
com.google.android.gms.internal.firebase-auth-api.zzace: void zzd(java.lang.String,com.google.android.gms.internal.firebase-auth-api.zzacc)
com.pichillilorenzo.flutter_inappwebview.in_app_webview.InAppWebView$15: InAppWebView$15(com.pichillilorenzo.flutter_inappwebview.in_app_webview.InAppWebView)
com.google.android.recaptcha.internal.zzhx: com.google.android.recaptcha.internal.zzhx zzf()
androidx.window.java.layout.WindowInfoTrackerCallbackAdapter$addListener$1$1: java.lang.Object invoke(kotlinx.coroutines.CoroutineScope,kotlin.coroutines.Continuation)
com.google.android.gms.internal.firebase-auth-api.zzadt: java.lang.String zzb()
androidx.collection.LongSparseArray: LongSparseArray()
androidx.swiperefreshlayout.widget.SwipeRefreshLayout: void stopNestedScroll()
com.google.android.gms.internal.auth.zzcs: zzcs()
com.google.android.gms.internal.firebase-auth-api.zzbb: zzbb(java.lang.Object[],int,int)
com.google.android.gms.internal.firebase-auth-api.zzald: void zzb(java.util.List,com.google.android.gms.internal.firebase-auth-api.zzalc,com.google.android.gms.internal.firebase-auth-api.zzaip)
com.google.android.gms.internal.auth.zzdv: int size()