build/app/outputs/mapping/release/mapping.txt
# compiler: R8
# compiler_version: 3.3.70
# min_api: 23
# common_typos_disable
# {"id":"com.android.tools.r8.mapping","version":"2.0"}
# pg_map_id: 160bff5
# pg_map_hash: SHA-256 160bff5e1be63a40a09eb5bb54909e8441a1173118a26f35f2cdfe97b2522be3
...
androidx.core.app.RemoteActionCompat -> androidx.core.app.RemoteActionCompat:
    androidx.core.graphics.drawable.IconCompat mIcon -> a
    java.lang.CharSequence mTitle -> b
    java.lang.CharSequence mContentDescription -> c
    boolean mEnabled -> e
    boolean mShouldShowIcon -> f
    android.app.PendingIntent mActionIntent -> d
androidx.core.app.RemoteInput -> androidx.core.app.q0:
    java.util.Set mAllowedDataTypes -> g
    java.lang.CharSequence mLabel -> b
    android.os.Bundle mExtras -> f
    java.lang.String mResultKey -> a
    java.lang.CharSequence[] mChoices -> c
    int mEditChoicesBeforeSending -> e
    boolean mAllowFreeFormTextInput -> d
    android.app.RemoteInput fromCompat(androidx.core.app.RemoteInput) -> a
    android.app.RemoteInput[] fromCompat(androidx.core.app.RemoteInput[]) -> b
    boolean getAllowFreeFormInput() -> c
    java.util.Set getAllowedDataTypes() -> d
    java.lang.CharSequence[] getChoices() -> e
    int getEditChoicesBeforeSending() -> f
    android.os.Bundle getExtras() -> g
    java.lang.CharSequence getLabel() -> h
    java.lang.String getResultKey() -> i
    boolean isDataOnly() -> j
androidx.core.app.RemoteInput$Api20Impl -> androidx.core.app.q0$a:
    void addResultsToIntent(java.lang.Object,android.content.Intent,android.os.Bundle) -> a
    android.app.RemoteInput fromCompat(androidx.core.app.RemoteInput) -> b
    android.os.Bundle getResultsFromIntent(android.content.Intent) -> c
androidx.core.app.RemoteInput$Api26Impl -> androidx.core.app.q0$b:
    void addDataResultToIntent(androidx.core.app.RemoteInput,android.content.Intent,java.util.Map) -> a
    java.util.Set getAllowedDataTypes(java.lang.Object) -> b
    java.util.Map getDataResultsFromIntent(android.content.Intent,java.lang.String) -> c
    android.app.RemoteInput$Builder setAllowDataType(android.app.RemoteInput$Builder,java.lang.String,boolean) -> d
androidx.core.app.RemoteInput$Api26Impl$$ExternalSyntheticApiModelOutline0 -> androidx.core.app.r0:
# {"id":"sourceFile","fileName":"R8$$SyntheticClass"}
# {"id":"com.android.tools.r8.synthesized"}
    void androidx.core.app.RemoteInput$Api26Impl$$InternalSyntheticApiModelOutline$2$4d9eadf30418bb102ccccfb521bf2b5ecdbb891fe0adeb138d38d18a75e7f8b7$0.m(android.app.RemoteInput,android.content.Intent,java.util.Map) -> a
      # {"id":"com.android.tools.r8.synthesized"}
androidx.core.app.RemoteInput$Api26Impl$$ExternalSyntheticApiModelOutline1 -> androidx.core.app.s0:
# {"id":"sourceFile","fileName":"R8$$SyntheticClass"}
# {"id":"com.android.tools.r8.synthesized"}
    java.util.Set androidx.core.app.RemoteInput$Api26Impl$$InternalSyntheticApiModelOutline$2$652b21b2260b88548e108a363b9fcaf56776ff7642a320cfe357491561b6d4cc$0.m(android.app.RemoteInput) -> a
      # {"id":"com.android.tools.r8.synthesized"}
androidx.core.app.RemoteInput$Api26Impl$$ExternalSyntheticApiModelOutline2 -> androidx.core.app.t0:
# {"id":"sourceFile","fileName":"R8$$SyntheticClass"}
# {"id":"com.android.tools.r8.synthesized"}
    java.util.Map androidx.core.app.RemoteInput$Api26Impl$$InternalSyntheticApiModelOutline$2$bf9cde77d5e8fdceb133cb2db5a6537c4ee04dbb830dc7181f318427cf7ed005$0.m(android.content.Intent,java.lang.String) -> a
      # {"id":"com.android.tools.r8.synthesized"}
androidx.core.app.RemoteInput$Api26Impl$$ExternalSyntheticApiModelOutline3 -> androidx.core.app.u0:
# {"id":"sourceFile","fileName":"R8$$SyntheticClass"}
# {"id":"com.android.tools.r8.synthesized"}
    android.app.RemoteInput$Builder androidx.core.app.RemoteInput$Api26Impl$$InternalSyntheticApiModelOutline$2$e75ecb5064e52543d2e498b22dc672e1a40b299652c7e017dd638c3eeba62f4c$0.m(android.app.RemoteInput$Builder,java.lang.String,boolean) -> a
      # {"id":"com.android.tools.r8.synthesized"}
androidx.core.app.RemoteInput$Api29Impl -> androidx.core.app.q0$c:
    int getEditChoicesBeforeSending(java.lang.Object) -> a
    android.app.RemoteInput$Builder setEditChoicesBeforeSending(android.app.RemoteInput$Builder,int) -> b