build/app/outputs/mapping/release/usage.txt
com.bspvt.ssgc.BuildConfig
com.bspvt.ssgc.R$anim
com.bspvt.ssgc.R$animator
com.bspvt.ssgc.R$attr
com.bspvt.ssgc.R$bool
com.bspvt.ssgc.R$color
com.bspvt.ssgc.R$dimen
com.bspvt.ssgc.R$drawable
com.bspvt.ssgc.R$id
com.bspvt.ssgc.R$integer
com.bspvt.ssgc.R$interpolator
com.bspvt.ssgc.R$layout
com.bspvt.ssgc.R$menu
com.bspvt.ssgc.R$mipmap
com.bspvt.ssgc.R$raw
com.bspvt.ssgc.R$string
com.bspvt.ssgc.R$style
com.bspvt.ssgc.R$styleable
com.bspvt.ssgc.R$xml
com.bspvt.ssgc.R
...
com.google.android.exoplayer2.text.webvtt.package-info
com.google.android.exoplayer2.trackselection.AdaptiveTrackSelection$Factory:
    public void <init>(int,int,int,float,float,com.google.android.exoplayer2.util.Clock)
    public void <init>(int,int,int,int,int,float)
com.google.android.exoplayer2.trackselection.AdaptiveTrackSelection:
    public static final float DEFAULT_BANDWIDTH_FRACTION
    public static final float DEFAULT_BUFFERED_FRACTION_TO_LIVE_EDGE_FOR_QUALITY_INCREASE
    public static final int DEFAULT_MAX_DURATION_FOR_QUALITY_DECREASE_MS
    public static final int DEFAULT_MAX_HEIGHT_TO_DISCARD
    public static final int DEFAULT_MAX_WIDTH_TO_DISCARD
    public static final int DEFAULT_MIN_DURATION_FOR_QUALITY_INCREASE_MS
    public static final int DEFAULT_MIN_DURATION_TO_RETAIN_AFTER_DISCARD_MS
    private static final long MIN_TIME_BETWEEN_BUFFER_REEVALUTATION_MS
    private static final java.lang.String TAG
    public void <init>(com.google.android.exoplayer2.source.TrackGroup,int[],com.google.android.exoplayer2.upstream.BandwidthMeter)
com.google.android.exoplayer2.trackselection.BaseTrackSelection:
    public final int getType()
com.google.android.exoplayer2.trackselection.DefaultTrackSelector$Parameters$Builder:
    public com.google.android.exoplayer2.trackselection.DefaultTrackSelector$Parameters$Builder addOverride(com.google.android.exoplayer2.trackselection.TrackSelectionOverride)
    public synthetic bridge com.google.android.exoplayer2.trackselection.TrackSelectionParameters$Builder addOverride(com.google.android.exoplayer2.trackselection.TrackSelectionOverride)
    public com.google.android.exoplayer2.trackselection.DefaultTrackSelector$Parameters$Builder clearOverride(com.google.android.exoplayer2.source.TrackGroup)
    public synthetic bridge com.google.android.exoplayer2.trackselection.TrackSelectionParameters$Builder clearOverride(com.google.android.exoplayer2.source.TrackGroup)
    public com.google.android.exoplayer2.trackselection.DefaultTrackSelector$Parameters$Builder clearOverrides()
    public synthetic bridge com.google.android.exoplayer2.trackselection.TrackSelectionParameters$Builder clearOverrides()
    public com.google.android.exoplayer2.trackselection.DefaultTrackSelector$Parameters$Builder clearOverridesOfType(int)
    public synthetic bridge com.google.android.exoplayer2.trackselection.TrackSelectionParameters$Builder clearOverridesOfType(int)
    public com.google.android.exoplayer2.trackselection.DefaultTrackSelector$Parameters$Builder clearSelectionOverride(int,com.google.android.exoplayer2.source.TrackGroupArray)
com.google.android.exoplayer2.trackselection.DefaultTrackSelector$Parameters:
    public synthetic bridge com.google.android.exoplayer2.trackselection.TrackSelectionParameters$Builder buildUpon()
    private static int[] getKeysFromSparseBooleanArray(android.util.SparseBooleanArray)
    private static void putSelectionOverridesToBundle(android.os.Bundle,android.util.SparseArray)
    public android.os.Bundle toBundle()
com.google.android.exoplayer2.trackselection.DefaultTrackSelector$ParametersBuilder
com.google.android.exoplayer2.trackselection.DefaultTrackSelector$SelectionOverride:
    public varargs void <init>(int,int[])
    public boolean containsTrack(int)
    public android.os.Bundle toBundle()